<?xml version="1.0" encoding="UTF-8"?>
<!-- Generated by org.testng.reporters.JUnitReportReporter -->
<testsuite hostname="Lenovo" failures="0" tests="1" name="com.digital.ui.pages.elements.CheckBoxTest" time="59.727" errors="0" timestamp="2023-05-21T20:04:55 ALMT" skipped="0">
  <testcase classname="com.digital.ui.pages.elements.CheckBoxTest" name="isChecked" time="59.727"/>
  <system-out/>
</testsuite> <!-- com.digital.ui.pages.elements.CheckBoxTest -->
