<?xml version="1.0" encoding="UTF-8"?>
<!-- Generated by org.testng.reporters.JUnitReportReporter -->
<testsuite hostname="Lenovo" failures="0" tests="2" name="com.digital.ui.pages.elements.RadioButtonTest" time="9.007" errors="0" timestamp="2023-05-21T20:04:55 ALMT" skipped="0">
  <testcase classname="com.digital.ui.pages.elements.RadioButtonTest" name="impressive" time="2.566"/>
  <system-out/>
  <testcase classname="com.digital.ui.pages.elements.RadioButtonTest" name="yes" time="6.441"/>
  <system-out/>
</testsuite> <!-- com.digital.ui.pages.elements.RadioButtonTest -->
