<?xml version="1.0" encoding="UTF-8"?>
<!-- Generated by org.testng.reporters.JUnitReportReporter -->
<testsuite hostname="Lenovo" failures="0" tests="1" name="com.digital.ui.pages.elements.TextBoxTest" time="4.852" errors="0" timestamp="2023-05-21T20:04:55 ALMT" skipped="0">
  <testcase classname="com.digital.ui.pages.elements.TextBoxTest" name="fillFullName" time="4.852"/>
  <system-out/>
</testsuite> <!-- com.digital.ui.pages.elements.TextBoxTest -->
