<?xml version="1.0" encoding="UTF-8"?>
<!-- Generated by org.testng.reporters.JUnitReportReporter -->
<testsuite hostname="Lenovo" failures="0" tests="2" name="com.digital.ui.pages.elements.WebTablesTest" time="10.512" errors="0" timestamp="2023-05-21T20:04:55 ALMT" skipped="0">
  <testcase classname="com.digital.ui.pages.elements.WebTablesTest" name="addUser1" time="7.561"/>
  <system-out/>
  <testcase classname="com.digital.ui.pages.elements.WebTablesTest" name="addUser2" time="2.951"/>
  <system-out/>
</testsuite> <!-- com.digital.ui.pages.elements.WebTablesTest -->
